[ 18940.527] 
X.Org X Server 1.21.1.13
X Protocol Version 11, Revision 0
[ 18940.529] Current Operating System: Linux brewster-laptop 6.10.2-arch1-1 #1 SMP PREEMPT_DYNAMIC Sat, 27 Jul 2024 16:49:55 +0000 x86_64
[ 18940.529] Kernel command line: initrd=\initramfs-linux.img root=PARTUUID=4cc523cd-e4f6-46fa-9c47-f96c37c48683 zswap.enabled=0 rw rootfstype=ext4
[ 18940.530]  
[ 18940.530] Current version of pixman: 0.43.4
[ 18940.531] 	Before reporting problems, check http://wiki.x.org
	to make sure that you have the latest version.
[ 18940.531] Markers: (--) probed, (**) from config file, (==) default setting,
	(++) from command line, (!!) notice, (II) informational,
	(WW) warning, (EE) error, (NI) not implemented, (??) unknown.
[ 18940.536] (==) Log file: "/home/brewster/.local/share/xorg/Xorg.1.log", Time: Sun Aug  4 09:18:37 2024
[ 18940.537] (==) Using config directory: "/etc/X11/xorg.conf.d"
[ 18940.537] (==) Using system config directory "/usr/share/X11/xorg.conf.d"
[ 18940.538] (==) No Layout section.  Using the first Screen section.
[ 18940.538] (==) No screen section available. Using defaults.
[ 18940.538] (**) |-->Screen "Default Screen Section" (0)
[ 18940.538] (**) |   |-->Monitor "<default monitor>"
[ 18940.538] (==) No monitor specified for screen "Default Screen Section".
	Using a default monitor configuration.
[ 18940.538] (**) Allowing byte-swapped clients
[ 18940.538] (==) Automatically adding devices
[ 18940.538] (==) Automatically enabling devices
[ 18940.538] (==) Automatically adding GPU devices
[ 18940.538] (==) Automatically binding GPU devices
[ 18940.538] (==) Max clients allowed: 256, resource mask: 0x1fffff
[ 18940.538] (WW) The directory "/usr/share/fonts/misc" does not exist.
[ 18940.538] 	Entry deleted from font path.
[ 18940.538] (WW) `fonts.dir' not found (or not valid) in "/usr/share/fonts/TTF".
[ 18940.538] 	Entry deleted from font path.
[ 18940.538] 	(Run 'mkfontdir' on "/usr/share/fonts/TTF").
[ 18940.538] (WW) `fonts.dir' not found (or not valid) in "/usr/share/fonts/OTF".
[ 18940.538] 	Entry deleted from font path.
[ 18940.538] 	(Run 'mkfontdir' on "/usr/share/fonts/OTF").
[ 18940.538] (WW) The directory "/usr/share/fonts/Type1" does not exist.
[ 18940.538] 	Entry deleted from font path.
[ 18940.538] (WW) The directory "/usr/share/fonts/100dpi" does not exist.
[ 18940.538] 	Entry deleted from font path.
[ 18940.538] (WW) The directory "/usr/share/fonts/75dpi" does not exist.
[ 18940.538] 	Entry deleted from font path.
[ 18940.538] (==) FontPath set to:
	
[ 18940.538] (==) ModulePath set to "/usr/lib/xorg/modules"
[ 18940.538] (II) The server relies on udev to provide the list of input devices.
	If no devices become available, reconfigure udev or disable AutoAddDevices.
[ 18940.538] (II) Module ABI versions:
[ 18940.538] 	X.Org ANSI C Emulation: 0.4
[ 18940.538] 	X.Org Video Driver: 25.2
[ 18940.538] 	X.Org XInput driver : 24.4
[ 18940.538] 	X.Org Server Extension : 10.0
[ 18940.538] (++) using VT number 3

[ 18940.539] (II) systemd-logind: took control of session /org/freedesktop/login1/session/_34
[ 18940.540] (II) xfree86: Adding drm device (/dev/dri/card0)
[ 18940.540] (II) Platform probe for /sys/devices/pci0000:00/0000:00:01.0/0000:01:00.0/drm/card0
[ 18940.541] (II) systemd-logind: got fd for /dev/dri/card0 226:0 fd 13 paused 0
[ 18940.541] (II) xfree86: Adding drm device (/dev/dri/card1)
[ 18940.541] (II) Platform probe for /sys/devices/pci0000:00/0000:00:02.0/drm/card1
[ 18940.541] (II) systemd-logind: got fd for /dev/dri/card1 226:1 fd 14 paused 0
[ 18940.544] (--) PCI:*(0@0:2:0) 8086:0416:17aa:221e rev 6, Mem @ 0xb3400000/4194304, 0x80000000/536870912, I/O @ 0x00005000/64, BIOS @ 0x????????/131072
[ 18940.544] (--) PCI: (1@0:0:0) 10de:11fc:17aa:221e rev 161, Mem @ 0xb2000000/16777216, 0xa0000000/268435456, 0xb0000000/33554432, I/O @ 0x00004000/128, BIOS @ 0x????????/524288
[ 18940.544] (WW) Open ACPI failed (/var/run/acpid.socket) (No such file or directory)
[ 18940.544] (II) LoadModule: "glx"
[ 18940.544] (II) Loading /usr/lib/xorg/modules/extensions/libglx.so
[ 18940.545] (II) Module glx: vendor="X.Org Foundation"
[ 18940.545] 	compiled for 1.21.1.13, module version = 1.0.0
[ 18940.545] 	ABI class: X.Org Server Extension, version 10.0
[ 18940.545] (==) Matched intel as autoconfigured driver 0
[ 18940.545] (==) Matched nouveau as autoconfigured driver 1
[ 18940.545] (==) Matched nv as autoconfigured driver 2
[ 18940.545] (==) Matched modesetting as autoconfigured driver 3
[ 18940.545] (==) Matched fbdev as autoconfigured driver 4
[ 18940.545] (==) Matched vesa as autoconfigured driver 5
[ 18940.545] (==) Assigned the driver to the xf86ConfigLayout
[ 18940.545] (II) LoadModule: "intel"
[ 18940.545] (WW) Warning, couldn't open module intel
[ 18940.545] (EE) Failed to load module "intel" (module does not exist, 0)
[ 18940.545] (II) LoadModule: "nouveau"
[ 18940.545] (WW) Warning, couldn't open module nouveau
[ 18940.545] (EE) Failed to load module "nouveau" (module does not exist, 0)
[ 18940.545] (II) LoadModule: "nv"
[ 18940.545] (WW) Warning, couldn't open module nv
[ 18940.545] (EE) Failed to load module "nv" (module does not exist, 0)
[ 18940.545] (II) LoadModule: "modesetting"
[ 18940.545] (II) Loading /usr/lib/xorg/modules/drivers/modesetting_drv.so
[ 18940.546] (II) Module modesetting: vendor="X.Org Foundation"
[ 18940.546] 	compiled for 1.21.1.13, module version = 1.21.1
[ 18940.546] 	Module class: X.Org Video Driver
[ 18940.546] 	ABI class: X.Org Video Driver, version 25.2
[ 18940.546] (II) LoadModule: "fbdev"
[ 18940.546] (WW) Warning, couldn't open module fbdev
[ 18940.546] (EE) Failed to load module "fbdev" (module does not exist, 0)
[ 18940.546] (II) LoadModule: "vesa"
[ 18940.546] (WW) Warning, couldn't open module vesa
[ 18940.546] (EE) Failed to load module "vesa" (module does not exist, 0)
[ 18940.546] (II) modesetting: Driver for Modesetting Kernel Drivers: kms
[ 18940.546] (II) modeset(0): using drv /dev/dri/card1
[ 18940.546] (II) modeset(G0): using drv /dev/dri/card0
[ 18940.546] (WW) VGA arbiter: cannot open kernel arbiter, no multi-card support
[ 18940.546] (II) modeset(0): Creating default Display subsection in Screen section
	"Default Screen Section" for depth/fbbpp 24/32
[ 18940.546] (==) modeset(0): Depth 24, (==) framebuffer bpp 32
[ 18940.546] (==) modeset(0): RGB weight 888
[ 18940.546] (==) modeset(0): Default visual is TrueColor
[ 18940.546] (II) Loading sub module "glamoregl"
[ 18940.546] (II) LoadModule: "glamoregl"
[ 18940.546] (II) Loading /usr/lib/xorg/modules/libglamoregl.so
[ 18940.548] (II) Module glamoregl: vendor="X.Org Foundation"
[ 18940.548] 	compiled for 1.21.1.13, module version = 1.0.1
[ 18940.548] 	ABI class: X.Org ANSI C Emulation, version 0.4
[ 18940.570] (II) modeset(0): glamor X acceleration enabled on Mesa Intel(R) HD Graphics 4600 (HSW GT2)
[ 18940.570] (II) modeset(0): glamor initialized
[ 18940.570] (==) modeset(0): VariableRefresh: disabled
[ 18940.570] (==) modeset(0): AsyncFlipSecondaries: disabled
[ 18940.571] (II) modeset(0): Output eDP-1 has no monitor section
[ 18940.572] (II) modeset(0): Output VGA-1 has no monitor section
[ 18940.581] (II) modeset(0): Output DP-1 has no monitor section
[ 18940.684] (II) modeset(0): Output HDMI-1 has no monitor section
[ 18940.694] (II) modeset(0): Output DP-2 has no monitor section
[ 18940.696] (II) modeset(0): Output HDMI-2 has no monitor section
[ 18940.697] (II) modeset(0): EDID for output eDP-1
[ 18940.697] (II) modeset(0): Manufacturer: CMN  Model: 15c3  Serial#: 0
[ 18940.697] (II) modeset(0): Year: 2013  Week: 40
[ 18940.697] (II) modeset(0): EDID Version: 1.4
[ 18940.697] (II) modeset(0): Digital Display Input
[ 18940.697] (II) modeset(0): 6 bits per channel
[ 18940.697] (II) modeset(0): Digital interface is DisplayPort
[ 18940.697] (II) modeset(0): Max Image Size [cm]: horiz.: 34  vert.: 19
[ 18940.697] (II) modeset(0): Gamma: 2.20
[ 18940.697] (II) modeset(0): No DPMS capabilities specified
[ 18940.697] (II) modeset(0): Supported color encodings: RGB 4:4:4 
[ 18940.697] (II) modeset(0): First detailed timing is preferred mode
[ 18940.697] (II) modeset(0): Preferred mode is native pixel format and refresh rate
[ 18940.697] (II) modeset(0): redX: 0.620 redY: 0.335   greenX: 0.320 greenY: 0.584
[ 18940.697] (II) modeset(0): blueX: 0.160 blueY: 0.065   whiteX: 0.313 whiteY: 0.329
[ 18940.697] (II) modeset(0): Manufacturer's mask: 0
[ 18940.697] (II) modeset(0): Supported detailed timing:
[ 18940.697] (II) modeset(0): clock: 136.6 MHz   Image Size:  344 x 193 mm
[ 18940.697] (II) modeset(0): h_active: 1920  h_sync: 1964  h_sync_end 1992 h_blank_end 2070 h_border: 0
[ 18940.697] (II) modeset(0): v_active: 1080  v_sync: 1082  v_sync_end 1086 v_blanking: 1100 v_border: 0
[ 18940.697] (II) modeset(0):  N156HGE-EA2
[ 18940.697] (II) modeset(0):  CMN
[ 18940.697] (II) modeset(0):  N156HGE-EA2
[ 18940.697] (II) modeset(0): EDID (in hex):
[ 18940.697] (II) modeset(0): 	00ffffffffffff000daec31500000000
[ 18940.697] (II) modeset(0): 	281701049522137802f2359e55529529
[ 18940.697] (II) modeset(0): 	10505400000001010101010101010101
[ 18940.697] (II) modeset(0): 	0101010101015e358096703814402c1c
[ 18940.697] (II) modeset(0): 	240058c110000018000000fe004e3135
[ 18940.697] (II) modeset(0): 	364847452d4541320a20000000fe0043
[ 18940.697] (II) modeset(0): 	4d4e0a202020202020202020000000fe
[ 18940.697] (II) modeset(0): 	004e3135364847452d4541320a20000f
[ 18940.698] (II) modeset(0): Printing probed modes for output eDP-1
[ 18940.698] (II) modeset(0): Modeline "1920x1080"x60.0  136.62  1920 1964 1992 2070  1080 1082 1086 1100 -hsync -vsync (66.0 kHz eP)
[ 18940.698] (II) modeset(0): Modeline "1920x1080"x119.9  266.50  1920 1944 1960 2000  1080 1081 1084 1111 doublescan +hsync -vsync (133.2 kHz d)
[ 18940.698] (II) modeset(0): Modeline "1920x1080"x60.0  173.00  1920 2048 2248 2576  1080 1083 1088 1120 -hsync +vsync (67.2 kHz d)
[ 18940.698] (II) modeset(0): Modeline "1920x1080"x59.9  138.50  1920 1968 2000 2080  1080 1083 1088 1111 +hsync -vsync (66.6 kHz d)
[ 18940.698] (II) modeset(0): Modeline "1680x1050"x60.0  146.25  1680 1784 1960 2240  1050 1053 1059 1089 -hsync +vsync (65.3 kHz d)
[ 18940.698] (II) modeset(0): Modeline "1680x1050"x59.9  119.00  1680 1728 1760 1840  1050 1053 1059 1080 +hsync -vsync (64.7 kHz d)
[ 18940.698] (II) modeset(0): Modeline "1400x1050"x60.0  122.00  1400 1488 1640 1880  1050 1052 1064 1082 +hsync +vsync (64.9 kHz d)
[ 18940.698] (II) modeset(0): Modeline "1600x900"x120.0  246.00  1600 1728 1900 2200  900 901 904 932 doublescan -hsync +vsync (111.8 kHz d)
[ 18940.698] (II) modeset(0): Modeline "1600x900"x119.9  186.50  1600 1624 1640 1680  900 901 904 926 doublescan +hsync -vsync (111.0 kHz d)
[ 18940.698] (II) modeset(0): Modeline "1600x900"x59.9  118.25  1600 1696 1856 2112  900 903 908 934 -hsync +vsync (56.0 kHz d)
[ 18940.698] (II) modeset(0): Modeline "1600x900"x59.8   97.50  1600 1648 1680 1760  900 903 908 926 +hsync -vsync (55.4 kHz d)
[ 18940.698] (II) modeset(0): Modeline "1280x1024"x60.0  108.00  1280 1328 1440 1688  1024 1025 1028 1066 +hsync +vsync (64.0 kHz d)
[ 18940.698] (II) modeset(0): Modeline "1400x900"x60.0  103.50  1400 1480 1624 1848  900 903 913 934 -hsync +vsync (56.0 kHz d)
[ 18940.698] (II) modeset(0): Modeline "1400x900"x59.9   86.50  1400 1448 1480 1560  900 903 913 926 +hsync -vsync (55.4 kHz d)
[ 18940.698] (II) modeset(0): Modeline "1280x960"x60.0  108.00  1280 1376 1488 1800  960 961 964 1000 +hsync +vsync (60.0 kHz d)
[ 18940.698] (II) modeset(0): Modeline "1440x810"x120.0  198.12  1440 1548 1704 1968  810 811 814 839 doublescan -hsync +vsync (100.7 kHz d)
[ 18940.698] (II) modeset(0): Modeline "1440x810"x119.9  151.88  1440 1464 1480 1520  810 811 814 833 doublescan +hsync -vsync (99.9 kHz d)
[ 18940.698] (II) modeset(0): Modeline "1368x768"x59.9   85.25  1368 1440 1576 1784  768 771 781 798 -hsync +vsync (47.8 kHz d)
[ 18940.698] (II) modeset(0): Modeline "1368x768"x59.9   72.25  1368 1416 1448 1528  768 771 781 790 +hsync -vsync (47.3 kHz d)
[ 18940.698] (II) modeset(0): Modeline "1280x800"x120.0  174.25  1280 1380 1516 1752  800 801 804 829 doublescan -hsync +vsync (99.5 kHz d)
[ 18940.698] (II) modeset(0): Modeline "1280x800"x119.9  134.25  1280 1304 1320 1360  800 801 804 823 doublescan +hsync -vsync (98.7 kHz d)
[ 18940.698] (II) modeset(0): Modeline "1280x800"x59.8   83.50  1280 1352 1480 1680  800 803 809 831 -hsync +vsync (49.7 kHz d)
[ 18940.698] (II) modeset(0): Modeline "1280x800"x59.9   71.00  1280 1328 1360 1440  800 803 809 823 +hsync -vsync (49.3 kHz d)
[ 18940.698] (II) modeset(0): Modeline "1280x720"x120.0  156.12  1280 1376 1512 1744  720 721 724 746 doublescan -hsync +vsync (89.5 kHz d)
[ 18940.698] (II) modeset(0): Modeline "1280x720"x120.0  120.75  1280 1304 1320 1360  720 721 724 740 doublescan +hsync -vsync (88.8 kHz d)
[ 18940.698] (II) modeset(0): Modeline "1280x720"x59.9   74.50  1280 1344 1472 1664  720 723 728 748 -hsync +vsync (44.8 kHz d)
[ 18940.698] (II) modeset(0): Modeline "1280x720"x59.7   63.75  1280 1328 1360 1440  720 723 728 741 +hsync -vsync (44.3 kHz d)
[ 18940.698] (II) modeset(0): Modeline "1024x768"x120.1  133.47  1024 1100 1212 1400  768 768 770 794 doublescan -hsync +vsync (95.3 kHz d)
[ 18940.698] (II) modeset(0): Modeline "1024x768"x60.0   65.00  1024 1048 1184 1344  768 771 777 806 -hsync -vsync (48.4 kHz d)
[ 18940.698] (II) modeset(0): Modeline "960x720"x120.0  117.00  960 1024 1128 1300  720 720 722 750 doublescan -hsync +vsync (90.0 kHz d)
[ 18940.698] (II) modeset(0): Modeline "928x696"x120.1  109.15  928 976 1088 1264  696 696 698 719 doublescan -hsync +vsync (86.4 kHz d)
[ 18940.698] (II) modeset(0): Modeline "896x672"x120.0  102.40  896 960 1060 1224  672 672 674 697 doublescan -hsync +vsync (83.7 kHz d)
[ 18940.698] (II) modeset(0): Modeline "1024x576"x119.9   98.50  1024 1092 1200 1376  576 577 580 597 doublescan -hsync +vsync (71.6 kHz d)
[ 18940.698] (II) modeset(0): Modeline "1024x576"x119.9   78.38  1024 1048 1064 1104  576 577 580 592 doublescan +hsync -vsync (71.0 kHz d)
[ 18940.698] (II) modeset(0): Modeline "1024x576"x59.9   46.50  1024 1064 1160 1296  576 579 584 599 -hsync +vsync (35.9 kHz d)
[ 18940.698] (II) modeset(0): Modeline "1024x576"x59.8   42.00  1024 1072 1104 1184  576 579 584 593 +hsync -vsync (35.5 kHz d)
[ 18940.698] (II) modeset(0): Modeline "960x600"x119.9   96.62  960 1028 1128 1296  600 601 604 622 doublescan -hsync +vsync (74.6 kHz d)
[ 18940.698] (II) modeset(0): Modeline "960x600"x120.0   77.00  960 984 1000 1040  600 601 604 617 doublescan +hsync -vsync (74.0 kHz d)
[ 18940.698] (II) modeset(0): Modeline "960x540"x119.9   86.50  960 1024 1124 1288  540 541 544 560 doublescan -hsync +vsync (67.2 kHz d)
[ 18940.698] (II) modeset(0): Modeline "960x540"x120.0   69.25  960 984 1000 1040  540 541 544 555 doublescan +hsync -vsync (66.6 kHz d)
[ 18940.698] (II) modeset(0): Modeline "960x540"x59.6   40.75  960 992 1088 1216  540 543 548 562 -hsync +vsync (33.5 kHz d)
[ 18940.698] (II) modeset(0): Modeline "960x540"x59.8   37.25  960 1008 1040 1120  540 543 548 556 +hsync -vsync (33.3 kHz d)
[ 18940.698] (II) modeset(0): Modeline "800x600"x120.0   81.00  800 832 928 1080  600 600 602 625 doublescan +hsync +vsync (75.0 kHz d)
[ 18940.698] (II) modeset(0): Modeline "800x600"x60.3   40.00  800 840 968 1056  600 601 605 628 +hsync +vsync (37.9 kHz d)
[ 18940.698] (II) modeset(0): Modeline "800x600"x56.2   36.00  800 824 896 1024  600 601 603 625 +hsync +vsync (35.2 kHz d)
[ 18940.698] (II) modeset(0): Modeline "840x525"x120.0   73.12  840 892 980 1120  525 526 529 544 doublescan -hsync +vsync (65.3 kHz d)
[ 18940.698] (II) modeset(0): Modeline "840x525"x119.8   59.50  840 864 880 920  525 526 529 540 doublescan +hsync -vsync (64.7 kHz d)
[ 18940.698] (II) modeset(0): Modeline "864x486"x59.9   32.50  864 888 968 1072  486 489 494 506 -hsync +vsync (30.3 kHz d)
[ 18940.698] (II) modeset(0): Modeline "864x486"x59.6   30.50  864 912 944 1024  486 489 494 500 +hsync -vsync (29.8 kHz d)
[ 18940.698] (II) modeset(0): Modeline "700x525"x120.0   61.00  700 744 820 940  525 526 532 541 doublescan +hsync +vsync (64.9 kHz d)
[ 18940.698] (II) modeset(0): Modeline "800x450"x119.9   59.12  800 848 928 1056  450 451 454 467 doublescan -hsync +vsync (56.0 kHz d)
[ 18940.698] (II) modeset(0): Modeline "800x450"x119.6   48.75  800 824 840 880  450 451 454 463 doublescan +hsync -vsync (55.4 kHz d)
[ 18940.698] (II) modeset(0): Modeline "640x512"x120.0   54.00  640 664 720 844  512 512 514 533 doublescan +hsync +vsync (64.0 kHz d)
[ 18940.698] (II) modeset(0): Modeline "700x450"x119.9   51.75  700 740 812 924  450 451 456 467 doublescan -hsync +vsync (56.0 kHz d)
[ 18940.698] (II) modeset(0): Modeline "700x450"x119.8   43.25  700 724 740 780  450 451 456 463 doublescan +hsync -vsync (55.4 kHz d)
[ 18940.698] (II) modeset(0): Modeline "640x480"x120.0   54.00  640 688 744 900  480 480 482 500 doublescan +hsync +vsync (60.0 kHz d)
[ 18940.698] (II) modeset(0): Modeline "640x480"x59.9   25.18  640 656 752 800  480 490 492 525 -hsync -vsync (31.5 kHz d)
[ 18940.698] (II) modeset(0): Modeline "720x405"x59.5   22.50  720 744 808 896  405 408 413 422 -hsync +vsync (25.1 kHz d)
[ 18940.698] (II) modeset(0): Modeline "720x405"x59.0   21.75  720 768 800 880  405 408 413 419 +hsync -vsync (24.7 kHz d)
[ 18940.698] (II) modeset(0): Modeline "684x384"x119.8   42.62  684 720 788 892  384 385 390 399 doublescan -hsync +vsync (47.8 kHz d)
[ 18940.698] (II) modeset(0): Modeline "684x384"x119.7   36.12  684 708 724 764  384 385 390 395 doublescan +hsync -vsync (47.3 kHz d)
[ 18940.698] (II) modeset(0): Modeline "640x400"x119.8   41.75  640 676 740 840  400 401 404 415 doublescan -hsync +vsync (49.7 kHz d)
[ 18940.698] (II) modeset(0): Modeline "640x400"x120.0   35.50  640 664 680 720  400 401 404 411 doublescan +hsync -vsync (49.3 kHz d)
[ 18940.698] (II) modeset(0): Modeline "640x360"x119.7   37.25  640 672 736 832  360 361 364 374 doublescan -hsync +vsync (44.8 kHz d)
[ 18940.698] (II) modeset(0): Modeline "640x360"x119.7   31.88  640 664 680 720  360 361 364 370 doublescan +hsync -vsync (44.3 kHz d)
[ 18940.698] (II) modeset(0): Modeline "640x360"x59.8   18.00  640 664 720 800  360 363 368 376 -hsync +vsync (22.5 kHz d)
[ 18940.698] (II) modeset(0): Modeline "640x360"x59.3   17.75  640 688 720 800  360 363 368 374 +hsync -vsync (22.2 kHz d)
[ 18940.698] (II) modeset(0): Modeline "512x384"x120.0   32.50  512 524 592 672  384 385 388 403 doublescan -hsync -vsync (48.4 kHz d)
[ 18940.698] (II) modeset(0): Modeline "512x288"x120.0   23.25  512 532 580 648  288 289 292 299 doublescan -hsync +vsync (35.9 kHz d)
[ 18940.698] (II) modeset(0): Modeline "512x288"x119.8   21.00  512 536 552 592  288 289 292 296 doublescan +hsync -vsync (35.5 kHz d)
[ 18940.698] (II) modeset(0): Modeline "480x270"x119.3   20.38  480 496 544 608  270 271 274 281 doublescan -hsync +vsync (33.5 kHz d)
[ 18940.698] (II) modeset(0): Modeline "480x270"x119.6   18.62  480 504 520 560  270 271 274 278 doublescan +hsync -vsync (33.3 kHz d)
[ 18940.698] (II) modeset(0): Modeline "400x300"x120.6   20.00  400 420 484 528  300 300 302 314 doublescan +hsync +vsync (37.9 kHz d)
[ 18940.698] (II) modeset(0): Modeline "400x300"x112.7   18.00  400 412 448 512  300 300 301 312 doublescan +hsync +vsync (35.2 kHz d)
[ 18940.698] (II) modeset(0): Modeline "432x243"x119.8   16.25  432 444 484 536  243 244 247 253 doublescan -hsync +vsync (30.3 kHz d)
[ 18940.698] (II) modeset(0): Modeline "432x243"x119.1   15.25  432 456 472 512  243 244 247 250 doublescan +hsync -vsync (29.8 kHz d)
[ 18940.698] (II) modeset(0): Modeline "320x240"x120.1   12.59  320 328 376 400  240 245 246 262 doublescan -hsync -vsync (31.5 kHz d)
[ 18940.698] (II) modeset(0): Modeline "360x202"x119.0   11.25  360 372 404 448  202 204 206 211 doublescan -hsync +vsync (25.1 kHz d)
[ 18940.698] (II) modeset(0): Modeline "360x202"x118.3   10.88  360 384 400 440  202 204 206 209 doublescan +hsync -vsync (24.7 kHz d)
[ 18940.698] (II) modeset(0): Modeline "320x180"x119.7    9.00  320 332 360 400  180 181 184 188 doublescan -hsync +vsync (22.5 kHz d)
[ 18940.698] (II) modeset(0): Modeline "320x180"x118.6    8.88  320 344 360 400  180 181 184 187 doublescan +hsync -vsync (22.2 kHz d)
[ 18940.699] (II) modeset(0): EDID for output VGA-1
[ 18940.708] (II) modeset(0): EDID for output DP-1
[ 18940.811] (II) modeset(0): EDID for output HDMI-1
[ 18940.821] (II) modeset(0): EDID for output DP-2
[ 18940.822] (II) modeset(0): EDID for output HDMI-2
[ 18940.822] (II) modeset(0): Output eDP-1 connected
[ 18940.822] (II) modeset(0): Output VGA-1 disconnected
[ 18940.822] (II) modeset(0): Output DP-1 disconnected
[ 18940.822] (II) modeset(0): Output HDMI-1 disconnected
[ 18940.822] (II) modeset(0): Output DP-2 disconnected
[ 18940.822] (II) modeset(0): Output HDMI-2 disconnected
[ 18940.822] (II) modeset(0): Using exact sizes for initial modes
[ 18940.822] (II) modeset(0): Output eDP-1 using initial mode 1920x1080 +0+0
[ 18940.822] (==) modeset(0): Using gamma correction (1.0, 1.0, 1.0)
[ 18940.822] (==) modeset(0): DPI set to (96, 96)
[ 18940.822] (II) Loading sub module "fb"
[ 18940.822] (II) LoadModule: "fb"
[ 18940.822] (II) Module "fb" already built-in
[ 18940.823] (==) modeset(G0): Depth 24, (==) framebuffer bpp 32
[ 18940.823] (==) modeset(G0): RGB weight 888
[ 18940.823] (==) modeset(G0): Default visual is TrueColor
[ 18940.823] (II) Loading sub module "glamoregl"
[ 18940.823] (II) LoadModule: "glamoregl"
[ 18940.823] (II) Loading /usr/lib/xorg/modules/libglamoregl.so
[ 18940.823] (II) Module glamoregl: vendor="X.Org Foundation"
[ 18940.823] 	compiled for 1.21.1.13, module version = 1.0.1
[ 18940.823] 	ABI class: X.Org ANSI C Emulation, version 0.4
[ 18940.829] (II) modeset(G0): glamor X acceleration enabled on NVE6
[ 18940.829] (II) modeset(G0): glamor initialized
[ 18940.829] (II) modeset(G0): Output DP-1-3 has no monitor section
[ 18940.829] (II) modeset(G0): EDID for output DP-1-3
[ 18940.829] (==) modeset(G0): Using gamma correction (1.0, 1.0, 1.0)
[ 18940.829] (==) modeset(G0): DPI set to (96, 96)
[ 18940.829] (II) Loading sub module "fb"
[ 18940.829] (II) LoadModule: "fb"
[ 18940.829] (II) Module "fb" already built-in
[ 18940.841] (==) modeset(0): Backing store enabled
[ 18940.841] (==) modeset(0): Silken mouse enabled
[ 18940.932] (II) modeset(0): Initializing kms color map for depth 24, 8 bpc.
[ 18940.932] (==) modeset(0): DPMS enabled
[ 18940.932] (II) modeset(0): [DRI2] Setup complete
[ 18940.932] (II) modeset(0): [DRI2]   DRI driver: crocus
[ 18940.932] (II) modeset(0): [DRI2]   VDPAU driver: va_gl
[ 18940.935] (==) modeset(G0): Backing store enabled
[ 18940.935] (==) modeset(G0): Silken mouse enabled
[ 18940.935] (II) modeset(G0): Initializing kms color map for depth 24, 8 bpc.
[ 18940.935] (==) modeset(G0): DPMS enabled
[ 18940.935] (II) modeset(G0): [DRI2] Setup complete
[ 18940.935] (II) modeset(G0): [DRI2]   DRI driver: nouveau
[ 18940.935] (II) modeset(G0): [DRI2]   VDPAU driver: nouveau
[ 18940.935] (II) Initializing extension Generic Event Extension
[ 18940.935] (II) Initializing extension SHAPE
[ 18940.935] (II) Initializing extension MIT-SHM
[ 18940.935] (II) Initializing extension XInputExtension
[ 18940.935] (II) Initializing extension XTEST
[ 18940.935] (II) Initializing extension BIG-REQUESTS
[ 18940.935] (II) Initializing extension SYNC
[ 18940.935] (II) Initializing extension XKEYBOARD
[ 18940.936] (II) Initializing extension XC-MISC
[ 18940.936] (II) Initializing extension SECURITY
[ 18940.936] (II) Initializing extension XFIXES
[ 18940.936] (II) Initializing extension RENDER
[ 18940.936] (II) Initializing extension RANDR
[ 18940.936] (II) Initializing extension COMPOSITE
[ 18940.936] (II) Initializing extension DAMAGE
[ 18940.936] (II) Initializing extension MIT-SCREEN-SAVER
[ 18940.936] (II) Initializing extension DOUBLE-BUFFER
[ 18940.936] (II) Initializing extension RECORD
[ 18940.936] (II) Initializing extension DPMS
[ 18940.936] (II) Initializing extension Present
[ 18940.936] (II) Initializing extension DRI3
[ 18940.936] (II) Initializing extension X-Resource
[ 18940.937] (II) Initializing extension XVideo
[ 18940.937] (II) Initializing extension XVideo-MotionCompensation
[ 18940.937] (II) Initializing extension GLX
[ 18940.941] (II) AIGLX: Loaded and initialized crocus
[ 18940.941] (II) GLX: Initialized DRI2 GL provider for screen 0
[ 18940.941] (II) Initializing extension XFree86-VidModeExtension
[ 18940.941] (II) Initializing extension XFree86-DGA
[ 18940.941] (II) Initializing extension XFree86-DRI
[ 18940.941] (II) Initializing extension DRI2
[ 18940.941] (II) modeset(G0): Damage tracking initialized
[ 18940.941] (II) modeset(0): Damage tracking initialized
[ 18940.941] (II) modeset(0): Setting screen physical size to 508 x 285
[ 18940.982] (II) config/udev: Adding input device Power Button (/dev/input/event2)
[ 18940.982] (**) Power Button: Applying InputClass "libinput keyboard catchall"
[ 18940.982] (**) Power Button: Applying InputClass "system-keyboard"
[ 18940.982] (II) LoadModule: "libinput"
[ 18940.982] (II) Loading /usr/lib/xorg/modules/input/libinput_drv.so
[ 18940.984] (II) Module libinput: vendor="X.Org Foundation"
[ 18940.984] 	compiled for 1.21.1.13, module version = 1.4.0
[ 18940.984] 	Module class: X.Org XInput Driver
[ 18940.984] 	ABI class: X.Org XInput driver, version 24.4
[ 18940.984] (II) Using input driver 'libinput' for 'Power Button'
[ 18940.984] (II) systemd-logind: got fd for /dev/input/event2 13:66 fd 32 paused 0
[ 18940.984] (**) Power Button: always reports core events
[ 18940.984] (**) Option "Device" "/dev/input/event2"
[ 18940.986] (II) event2  - Power Button: is tagged by udev as: Keyboard
[ 18940.986] (II) event2  - Power Button: device is a keyboard
[ 18940.986] (II) event2  - Power Button: device removed
[ 18940.986] (**) Option "config_info" "udev:/sys/devices/LNXSYSTM:00/LNXPWRBN:00/input/input2/event2"
[ 18940.986] (II) XINPUT: Adding extended input device "Power Button" (type: KEYBOARD, id 6)
[ 18940.986] (**) Option "xkb_model" "pc105"
[ 18940.986] (**) Option "xkb_layout" "gb"
[ 18940.986] (**) Option "xkb_options" "terminate:ctrl_alt_bksp"
[ 18941.001] (II) event2  - Power Button: is tagged by udev as: Keyboard
[ 18941.001] (II) event2  - Power Button: device is a keyboard
[ 18941.001] (II) config/udev: Adding input device Video Bus (/dev/input/event5)
[ 18941.001] (**) Video Bus: Applying InputClass "libinput keyboard catchall"
[ 18941.001] (**) Video Bus: Applying InputClass "system-keyboard"
[ 18941.001] (II) Using input driver 'libinput' for 'Video Bus'
[ 18941.002] (II) systemd-logind: got fd for /dev/input/event5 13:69 fd 35 paused 0
[ 18941.002] (**) Video Bus: always reports core events
[ 18941.002] (**) Option "Device" "/dev/input/event5"
[ 18941.003] (II) event5  - Video Bus: is tagged by udev as: Keyboard
[ 18941.003] (II) event5  - Video Bus: device is a keyboard
[ 18941.003] (II) event5  - Video Bus: device removed
[ 18941.003] (**) Option "config_info" "udev:/sys/devices/LNXSYSTM:00/LNXSYBUS:00/PNP0A08:00/LNXVIDEO:00/input/input6/event5"
[ 18941.003] (II) XINPUT: Adding extended input device "Video Bus" (type: KEYBOARD, id 7)
[ 18941.003] (**) Option "xkb_model" "pc105"
[ 18941.003] (**) Option "xkb_layout" "gb"
[ 18941.003] (**) Option "xkb_options" "terminate:ctrl_alt_bksp"
[ 18941.004] (II) event5  - Video Bus: is tagged by udev as: Keyboard
[ 18941.004] (II) event5  - Video Bus: device is a keyboard
[ 18941.004] (II) config/udev: Adding input device Video Bus (/dev/input/event6)
[ 18941.004] (**) Video Bus: Applying InputClass "libinput keyboard catchall"
[ 18941.004] (**) Video Bus: Applying InputClass "system-keyboard"
[ 18941.004] (II) Using input driver 'libinput' for 'Video Bus'
[ 18941.005] (II) systemd-logind: got fd for /dev/input/event6 13:70 fd 36 paused 0
[ 18941.005] (**) Video Bus: always reports core events
[ 18941.005] (**) Option "Device" "/dev/input/event6"
[ 18941.006] (II) event6  - Video Bus: is tagged by udev as: Keyboard
[ 18941.006] (II) event6  - Video Bus: device is a keyboard
[ 18941.006] (II) event6  - Video Bus: device removed
[ 18941.006] (**) Option "config_info" "udev:/sys/devices/LNXSYSTM:00/LNXSYBUS:00/PNP0A08:00/device:09/LNXVIDEO:01/input/input7/event6"
[ 18941.006] (II) XINPUT: Adding extended input device "Video Bus" (type: KEYBOARD, id 8)
[ 18941.006] (**) Option "xkb_model" "pc105"
[ 18941.006] (**) Option "xkb_layout" "gb"
[ 18941.006] (**) Option "xkb_options" "terminate:ctrl_alt_bksp"
[ 18941.007] (II) event6  - Video Bus: is tagged by udev as: Keyboard
[ 18941.007] (II) event6  - Video Bus: device is a keyboard
[ 18941.007] (II) config/udev: Adding input device Lid Switch (/dev/input/event0)
[ 18941.007] (II) No input driver specified, ignoring this device.
[ 18941.007] (II) This device may have been added with another device file.
[ 18941.008] (II) config/udev: Adding input device Sleep Button (/dev/input/event1)
[ 18941.008] (**) Sleep Button: Applying InputClass "libinput keyboard catchall"
[ 18941.008] (**) Sleep Button: Applying InputClass "system-keyboard"
[ 18941.008] (II) Using input driver 'libinput' for 'Sleep Button'
[ 18941.008] (II) systemd-logind: got fd for /dev/input/event1 13:65 fd 37 paused 0
[ 18941.008] (**) Sleep Button: always reports core events
[ 18941.008] (**) Option "Device" "/dev/input/event1"
[ 18941.009] (II) event1  - Sleep Button: is tagged by udev as: Keyboard
[ 18941.009] (II) event1  - Sleep Button: device is a keyboard
[ 18941.009] (II) event1  - Sleep Button: device removed
[ 18941.009] (**) Option "config_info" "udev:/sys/devices/LNXSYSTM:00/LNXSYBUS:00/PNP0C0E:00/input/input1/event1"
[ 18941.009] (II) XINPUT: Adding extended input device "Sleep Button" (type: KEYBOARD, id 9)
[ 18941.009] (**) Option "xkb_model" "pc105"
[ 18941.009] (**) Option "xkb_layout" "gb"
[ 18941.009] (**) Option "xkb_options" "terminate:ctrl_alt_bksp"
[ 18941.010] (II) event1  - Sleep Button: is tagged by udev as: Keyboard
[ 18941.010] (II) event1  - Sleep Button: device is a keyboard
[ 18941.011] (II) config/udev: Adding input device HDA NVidia HDMI/DP,pcm=3 (/dev/input/event8)
[ 18941.011] (II) No input driver specified, ignoring this device.
[ 18941.011] (II) This device may have been added with another device file.
[ 18941.011] (II) config/udev: Adding input device HDA NVidia HDMI/DP,pcm=7 (/dev/input/event9)
[ 18941.011] (II) No input driver specified, ignoring this device.
[ 18941.011] (II) This device may have been added with another device file.
[ 18941.011] (II) config/udev: Adding input device HDA NVidia HDMI/DP,pcm=8 (/dev/input/event10)
[ 18941.011] (II) No input driver specified, ignoring this device.
[ 18941.011] (II) This device may have been added with another device file.
[ 18941.012] (II) config/udev: Adding input device HDA NVidia HDMI/DP,pcm=9 (/dev/input/event11)
[ 18941.012] (II) No input driver specified, ignoring this device.
[ 18941.012] (II) This device may have been added with another device file.
[ 18941.013] (II) config/udev: Adding input device HDA Intel HDMI HDMI/DP,pcm=3 (/dev/input/event12)
[ 18941.013] (II) No input driver specified, ignoring this device.
[ 18941.013] (II) This device may have been added with another device file.
[ 18941.013] (II) config/udev: Adding input device HDA Intel HDMI HDMI/DP,pcm=7 (/dev/input/event13)
[ 18941.013] (II) No input driver specified, ignoring this device.
[ 18941.013] (II) This device may have been added with another device file.
[ 18941.013] (II) config/udev: Adding input device HDA Intel HDMI HDMI/DP,pcm=8 (/dev/input/event14)
[ 18941.013] (II) No input driver specified, ignoring this device.
[ 18941.013] (II) This device may have been added with another device file.
[ 18941.014] (II) config/udev: Adding input device HDA Intel PCH Dock Mic (/dev/input/event15)
[ 18941.014] (II) No input driver specified, ignoring this device.
[ 18941.014] (II) This device may have been added with another device file.
[ 18941.014] (II) config/udev: Adding input device HDA Intel PCH Mic (/dev/input/event16)
[ 18941.014] (II) No input driver specified, ignoring this device.
[ 18941.014] (II) This device may have been added with another device file.
[ 18941.014] (II) config/udev: Adding input device HDA Intel PCH Dock Headphone (/dev/input/event17)
[ 18941.014] (II) No input driver specified, ignoring this device.
[ 18941.014] (II) This device may have been added with another device file.
[ 18941.015] (II) config/udev: Adding input device HDA Intel PCH Headphone (/dev/input/event18)
[ 18941.015] (II) No input driver specified, ignoring this device.
[ 18941.015] (II) This device may have been added with another device file.
[ 18941.015] (II) config/udev: Adding input device Synaptics TM3053-003 (/dev/input/event19)
[ 18941.015] (**) Synaptics TM3053-003: Applying InputClass "libinput touchpad catchall"
[ 18941.015] (II) Using input driver 'libinput' for 'Synaptics TM3053-003'
[ 18941.016] (II) systemd-logind: got fd for /dev/input/event19 13:83 fd 38 paused 0
[ 18941.016] (**) Synaptics TM3053-003: always reports core events
[ 18941.016] (**) Option "Device" "/dev/input/event19"
[ 18941.017] (II) event19 - Synaptics TM3053-003: is tagged by udev as: Touchpad
[ 18941.019] (II) event19 - Synaptics TM3053-003: device is a touchpad
[ 18941.019] (II) event19 - Synaptics TM3053-003: device removed
[ 18941.019] (II) libinput: Synaptics TM3053-003: Step value 0 was provided, libinput Fallback acceleration function is used.
[ 18941.019] (II) libinput: Synaptics TM3053-003: Step value 0 was provided, libinput Fallback acceleration function is used.
[ 18941.019] (II) libinput: Synaptics TM3053-003: Step value 0 was provided, libinput Fallback acceleration function is used.
[ 18941.019] (**) Option "config_info" "udev:/sys/devices/pci0000:00/0000:00:1f.3/i2c-22/22-002c/rmi4-00/input/input21/event19"
[ 18941.019] (II) XINPUT: Adding extended input device "Synaptics TM3053-003" (type: TOUCHPAD, id 10)
[ 18941.021] (**) Option "AccelerationScheme" "none"
[ 18941.021] (**) Synaptics TM3053-003: (accel) selected scheme none/0
[ 18941.021] (**) Synaptics TM3053-003: (accel) acceleration factor: 2.000
[ 18941.021] (**) Synaptics TM3053-003: (accel) acceleration threshold: 4
[ 18941.022] (II) event19 - Synaptics TM3053-003: is tagged by udev as: Touchpad
[ 18941.024] (II) event19 - Synaptics TM3053-003: device is a touchpad
[ 18941.025] (II) config/udev: Adding input device Synaptics TM3053-003 (/dev/input/mouse0)
[ 18941.025] (II) No input driver specified, ignoring this device.
[ 18941.025] (II) This device may have been added with another device file.
[ 18941.026] (II) config/udev: Adding input device TPPS/2 IBM TrackPoint (/dev/input/event20)
[ 18941.026] (**) TPPS/2 IBM TrackPoint: Applying InputClass "libinput pointer catchall"
[ 18941.026] (II) Using input driver 'libinput' for 'TPPS/2 IBM TrackPoint'
[ 18941.026] (II) systemd-logind: got fd for /dev/input/event20 13:84 fd 39 paused 0
[ 18941.026] (**) TPPS/2 IBM TrackPoint: always reports core events
[ 18941.026] (**) Option "Device" "/dev/input/event20"
[ 18941.027] (II) event20 - TPPS/2 IBM TrackPoint: is tagged by udev as: Mouse Pointingstick
[ 18941.028] (II) event20 - TPPS/2 IBM TrackPoint: device is a pointer
[ 18941.029] (II) event20 - TPPS/2 IBM TrackPoint: device removed
[ 18941.029] (II) libinput: TPPS/2 IBM TrackPoint: Step value 0 was provided, libinput Fallback acceleration function is used.
[ 18941.029] (II) libinput: TPPS/2 IBM TrackPoint: Step value 0 was provided, libinput Fallback acceleration function is used.
[ 18941.029] (II) libinput: TPPS/2 IBM TrackPoint: Step value 0 was provided, libinput Fallback acceleration function is used.
[ 18941.029] (**) Option "config_info" "udev:/sys/devices/pci0000:00/0000:00:1f.3/i2c-22/22-002c/rmi4-00/rmi4-00.fn03/serio2/input/input22/event20"
[ 18941.029] (II) XINPUT: Adding extended input device "TPPS/2 IBM TrackPoint" (type: MOUSE, id 11)
[ 18941.029] (**) Option "AccelerationScheme" "none"
[ 18941.029] (**) TPPS/2 IBM TrackPoint: (accel) selected scheme none/0
[ 18941.029] (**) TPPS/2 IBM TrackPoint: (accel) acceleration factor: 2.000
[ 18941.029] (**) TPPS/2 IBM TrackPoint: (accel) acceleration threshold: 4
[ 18941.030] (II) event20 - TPPS/2 IBM TrackPoint: is tagged by udev as: Mouse Pointingstick
[ 18941.031] (II) event20 - TPPS/2 IBM TrackPoint: device is a pointer
[ 18941.032] (II) config/udev: Adding input device TPPS/2 IBM TrackPoint (/dev/input/mouse1)
[ 18941.032] (II) No input driver specified, ignoring this device.
[ 18941.032] (II) This device may have been added with another device file.
[ 18941.032] (II) config/udev: Adding input device AT Translated Set 2 keyboard (/dev/input/event4)
[ 18941.032] (**) AT Translated Set 2 keyboard: Applying InputClass "libinput keyboard catchall"
[ 18941.032] (**) AT Translated Set 2 keyboard: Applying InputClass "system-keyboard"
[ 18941.032] (II) Using input driver 'libinput' for 'AT Translated Set 2 keyboard'
[ 18941.033] (II) systemd-logind: got fd for /dev/input/event4 13:68 fd 40 paused 0
[ 18941.033] (**) AT Translated Set 2 keyboard: always reports core events
[ 18941.033] (**) Option "Device" "/dev/input/event4"
[ 18941.034] (II) event4  - AT Translated Set 2 keyboard: is tagged by udev as: Keyboard
[ 18941.034] (II) event4  - AT Translated Set 2 keyboard: device is a keyboard
[ 18941.034] (II) event4  - AT Translated Set 2 keyboard: device removed
[ 18941.034] (**) Option "config_info" "udev:/sys/devices/platform/i8042/serio0/input/input4/event4"
[ 18941.035] (II) XINPUT: Adding extended input device "AT Translated Set 2 keyboard" (type: KEYBOARD, id 12)
[ 18941.035] (**) Option "xkb_model" "pc105"
[ 18941.035] (**) Option "xkb_layout" "gb"
[ 18941.035] (**) Option "xkb_options" "terminate:ctrl_alt_bksp"
[ 18941.035] (II) event4  - AT Translated Set 2 keyboard: is tagged by udev as: Keyboard
[ 18941.035] (II) event4  - AT Translated Set 2 keyboard: device is a keyboard
[ 18941.036] (II) config/udev: Adding input device PC Speaker (/dev/input/event7)
[ 18941.036] (II) No input driver specified, ignoring this device.
[ 18941.036] (II) This device may have been added with another device file.
[ 18941.038] (II) config/udev: Adding input device ThinkPad Extra Buttons (/dev/input/event3)
[ 18941.039] (**) ThinkPad Extra Buttons: Applying InputClass "libinput keyboard catchall"
[ 18941.039] (**) ThinkPad Extra Buttons: Applying InputClass "system-keyboard"
[ 18941.039] (II) Using input driver 'libinput' for 'ThinkPad Extra Buttons'
[ 18941.039] (II) systemd-logind: got fd for /dev/input/event3 13:67 fd 41 paused 0
[ 18941.039] (**) ThinkPad Extra Buttons: always reports core events
[ 18941.039] (**) Option "Device" "/dev/input/event3"
[ 18941.040] (II) event3  - ThinkPad Extra Buttons: is tagged by udev as: Keyboard Switch
[ 18941.040] (II) event3  - ThinkPad Extra Buttons: device is a keyboard
[ 18941.040] (II) event3  - ThinkPad Extra Buttons: device removed
[ 18941.040] (**) Option "config_info" "udev:/sys/devices/platform/thinkpad_acpi/input/input3/event3"
[ 18941.040] (II) XINPUT: Adding extended input device "ThinkPad Extra Buttons" (type: KEYBOARD, id 13)
[ 18941.040] (**) Option "xkb_model" "pc105"
[ 18941.040] (**) Option "xkb_layout" "gb"
[ 18941.040] (**) Option "xkb_options" "terminate:ctrl_alt_bksp"
[ 18941.041] (II) event3  - ThinkPad Extra Buttons: is tagged by udev as: Keyboard Switch
[ 18941.041] (II) event3  - ThinkPad Extra Buttons: device is a keyboard
[ 18946.049] (**) Option "fd" "32"
[ 18946.049] (II) event2  - Power Button: device removed
[ 18946.049] (**) Option "fd" "35"
[ 18946.049] (II) event5  - Video Bus: device removed
[ 18946.049] (**) Option "fd" "36"
[ 18946.049] (II) event6  - Video Bus: device removed
[ 18946.049] (**) Option "fd" "37"
[ 18946.049] (II) event1  - Sleep Button: device removed
[ 18946.049] (**) Option "fd" "38"
[ 18946.049] (II) event19 - Synaptics TM3053-003: device removed
[ 18946.049] (**) Option "fd" "39"
[ 18946.049] (II) event20 - TPPS/2 IBM TrackPoint: device removed
[ 18946.049] (**) Option "fd" "40"
[ 18946.049] (II) event4  - AT Translated Set 2 keyboard: device removed
[ 18946.049] (**) Option "fd" "41"
[ 18946.049] (II) event3  - ThinkPad Extra Buttons: device removed
[ 18946.066] (II) UnloadModule: "libinput"
[ 18946.066] (II) systemd-logind: releasing fd for 13:67
[ 18946.067] (II) UnloadModule: "libinput"
[ 18946.067] (II) systemd-logind: releasing fd for 13:68
[ 18946.067] (II) UnloadModule: "libinput"
[ 18946.067] (II) systemd-logind: releasing fd for 13:84
[ 18946.067] (II) UnloadModule: "libinput"
[ 18946.067] (II) systemd-logind: releasing fd for 13:83
[ 18946.068] (II) UnloadModule: "libinput"
[ 18946.068] (II) systemd-logind: releasing fd for 13:65
[ 18946.068] (II) UnloadModule: "libinput"
[ 18946.068] (II) systemd-logind: releasing fd for 13:70
[ 18946.068] (II) UnloadModule: "libinput"
[ 18946.068] (II) systemd-logind: releasing fd for 13:69
[ 18946.069] (II) UnloadModule: "libinput"
[ 18946.069] (II) systemd-logind: releasing fd for 13:66
[ 18946.100] (II) Server terminated successfully (0). Closing log file.
